<?xml version="1.0" encoding="UTF-8"?>
<!-- Generated by org.testng.reporters.JUnitXMLReporter -->
<testsuite hostname="Yashu" ignored="5" name="Surefire test" tests="11" failures="3" timestamp="2021-02-17T16:56:18 IST" time="81.604" errors="0">
  <testcase name="launchBrowserChrome" time="16.032" classname="com.qa.sut.testClasses.BaseTest"/>
  <testcase name="launchBrowserChrome" time="6.588" classname="com.qa.sut.testClasses.BaseTest"/>
  <testcase name="search" time="14.454" classname="com.qa.sut.testClasses.ConfigurationTest"/>
  <testcase name="launchBrowserChrome" time="6.304" classname="com.qa.sut.testClasses.BaseTest"/>
  <testcase name="verifyLogout" time="5.009" classname="com.qa.sut.testClasses.HomeTest">
    <failure type="java.lang.NullPointerException">
      <![CDATA[java.lang.NullPointerException
at com.qa.sut.pages.Page.getElement(Page.java:16)
at com.qa.sut.pages.HomePage.getWelLink(HomePage.java:18)
at com.qa.sut.pages.HomePage.logOut(HomePage.java:28)
at com.qa.sut.testClasses.HomeTest.verifyLogout(HomeTest.java:19)
at java.util.ArrayList.forEach(ArrayList.java:1257)
... Removed 32 stack frames]]>
    </failure>
  </testcase> <!-- verifyLogout -->
  <testcase name="launchBrowserChrome" time="6.282" classname="com.qa.sut.testClasses.BaseTest"/>
  <testcase name="verifyPageTitle" time="0.061" classname="com.qa.sut.testClasses.LoginTest"/>
  <testcase name="verifyLogin" time="5.083" classname="com.qa.sut.testClasses.LoginTest"/>
  <testcase name="edit" time="0.001" classname="com.qa.sut.testClasses.OptionalFieldsTest">
    <failure type="java.lang.NullPointerException">
      <![CDATA[java.lang.NullPointerException
at com.qa.sut.pages.Page.getElement(Page.java:16)
at com.qa.sut.pages.PIM.OptionalFieldsPage.getEditBtn(OptionalFieldsPage.java:21)
at com.qa.sut.pages.PIM.OptionalFieldsPage.clickEditBtn(OptionalFieldsPage.java:36)
at com.qa.sut.testClasses.OptionalFieldsTest.edit(OptionalFieldsTest.java:13)
at java.util.ArrayList.forEach(ArrayList.java:1257)
... Removed 32 stack frames]]>
    </failure>
  </testcase> <!-- edit -->
  <testcase name="launchBrowserChrome" time="9.558" classname="com.qa.sut.testClasses.BaseTest"/>
  <testcase name="search" time="12.136" classname="com.qa.sut.testClasses.ConfigurationTest">
    <failure type="org.openqa.selenium.WebDriverException" message="chrome not reachable
  (Session info: chrome=88.0.4324.150)
Build info: version: &amp;apos;4.0.0-alpha-7&amp;apos;, revision: &amp;apos;de8579b6d5&amp;apos;
System info: host: &amp;apos;YASHU&amp;apos;, ip: &amp;apos;192.168.1.4&amp;apos;, os.name: &amp;apos;Windows 10&amp;apos;, os.arch: &amp;apos;amd64&amp;apos;, os.version: &amp;apos;10.0&amp;apos;, java.version: &amp;apos;1.8.0_231&amp;apos;
Driver info: org.openqa.selenium.chrome.ChromeDriver
Capabilities {acceptInsecureCerts: false, browserName: chrome, browserVersion: 88.0.4324.150, chrome: {chromedriverVersion: 88.0.4324.96 (68dba2d8a0b14..., userDataDir: C:\Users\Yashu\AppData\Loca...}, goog:chromeOptions: {debuggerAddress: localhost:49571}, javascriptEnabled: true, networkConnectionEnabled: false, pageLoadStrategy: normal, platform: WINDOWS, platformName: WINDOWS, proxy: Proxy(), setWindowRect: true, strictFileInteractability: false, timeouts: {implicit: 0, pageLoad: 300000, script: 30000}, unhandledPromptBehavior: dismiss and notify, webauthn:extension:largeBlob: true, webauthn:virtualAuthenticators: true}
Session ID: a93096f5355978124ab64d9232000ba3
*** Element info: {Using=id, value=txtUsername}">
      <![CDATA[org.openqa.selenium.WebDriverException: chrome not reachable
  (Session info: chrome=88.0.4324.150)
Build info: version: '4.0.0-alpha-7', revision: 'de8579b6d5'
System info: host: 'YASHU', ip: '192.168.1.4', os.name: 'Windows 10', os.arch: 'amd64', os.version: '10.0', java.version: '1.8.0_231'
Driver info: org.openqa.selenium.chrome.ChromeDriver
Capabilities {acceptInsecureCerts: false, browserName: chrome, browserVersion: 88.0.4324.150, chrome: {chromedriverVersion: 88.0.4324.96 (68dba2d8a0b14..., userDataDir: C:\Users\Yashu\AppData\Loca...}, goog:chromeOptions: {debuggerAddress: localhost:49571}, javascriptEnabled: true, networkConnectionEnabled: false, pageLoadStrategy: normal, platform: WINDOWS, platformName: WINDOWS, proxy: Proxy(), setWindowRect: true, strictFileInteractability: false, timeouts: {implicit: 0, pageLoad: 300000, script: 30000}, unhandledPromptBehavior: dismiss and notify, webauthn:extension:largeBlob: true, webauthn:virtualAuthenticators: true}
Session ID: a93096f5355978124ab64d9232000ba3
*** Element info: {Using=id, value=txtUsername}
at org.openqa.selenium.remote.codec.w3c.W3CHttpResponseCodec.createException(W3CHttpResponseCodec.java:196)
at org.openqa.selenium.remote.codec.w3c.W3CHttpResponseCodec.decode(W3CHttpResponseCodec.java:129)
at org.openqa.selenium.remote.codec.w3c.W3CHttpResponseCodec.decode(W3CHttpResponseCodec.java:53)
at org.openqa.selenium.remote.HttpCommandExecutor.execute(HttpCommandExecutor.java:167)
at org.openqa.selenium.remote.service.DriverCommandExecutor.execute(DriverCommandExecutor.java:123)
at org.openqa.selenium.remote.RemoteWebDriver.execute(RemoteWebDriver.java:501)
at org.openqa.selenium.remote.RemoteWebDriver.findElement(RemoteWebDriver.java:332)
at org.openqa.selenium.By$ById.findElement(By.java:193)
at org.openqa.selenium.remote.RemoteWebDriver.findElement(RemoteWebDriver.java:312)
at com.qa.sut.pages.Page.getElement(Page.java:16)
at com.qa.sut.pages.LoginPage.getUNameTxtFld(LoginPage.java:23)
at com.qa.sut.pages.LoginPage.loginWithValidCred(LoginPage.java:48)
at com.qa.sut.testClasses.ConfigurationTest.search(ConfigurationTest.java:20)
at java.util.ArrayList.forEach(ArrayList.java:1257)
... Removed 36 stack frames]]>
    </failure>
  </testcase> <!-- search -->
  <testcase name="launchBrowser" time="0.0" classname="com.qa.sut.testClasses.BaseTest">
    <ignored/>
  </testcase> <!-- launchBrowser -->
  <testcase name="launchBrowser" time="0.0" classname="com.qa.sut.testClasses.BaseTest">
    <ignored/>
  </testcase> <!-- launchBrowser -->
  <testcase name="launchBrowser" time="0.0" classname="com.qa.sut.testClasses.BaseTest">
    <ignored/>
  </testcase> <!-- launchBrowser -->
  <testcase name="launchBrowser" time="0.0" classname="com.qa.sut.testClasses.BaseTest">
    <ignored/>
  </testcase> <!-- launchBrowser -->
  <testcase name="launchBrowser" time="0.0" classname="com.qa.sut.testClasses.BaseTest">
    <ignored/>
  </testcase> <!-- launchBrowser -->
</testsuite> <!-- Surefire test -->
